<?xml version="1.0" encoding="UTF-8"?>
<!-- Generated by org.testng.reporters.JUnitReportReporter -->
<testsuite skipped="0" hostname="Jyoti-computer" name="Test.CustomerTest" tests="2" failures="0" timestamp="22 Aug 2020 20:30:52 GMT" time="10.740" errors="0">
  <testcase name="logincus" time="2.251" classname="Test.CustomerTest"/>
  <testcase name="addcustomer" time="8.489" classname="Test.CustomerTest"/>
</testsuite> <!-- Test.CustomerTest -->
