<?xml version="1.0" encoding="UTF-8"?>
<!-- Generated by org.testng.reporters.JUnitReportReporter -->
<testsuite skipped="0" hostname="Jyoti-computer" name="Test.CustomerTest" tests="2" failures="0" timestamp="2020-11-24T18:36:37 CST" time="36.918" errors="0">
  <testcase name="logincust" time="2.537" classname="Test.CustomerTest"/>
  <system-out>
demo@techfios.com  </system-out>
  <testcase name="addcustomer" time="34.381" classname="Test.CustomerTest"/>
  <system-out>
it passed  </system-out>
</testsuite> <!-- Test.CustomerTest -->
