<?xml version="1.0" encoding="UTF-8"?>
<!-- Generated by org.testng.reporters.JUnitReportReporter -->
<testsuite skipped="0" hostname="Jyoti-computer" name="Util.Browser" tests="1" failures="0" timestamp="2020-11-23T11:32:22 CST" time="13.345" errors="0">
  <testcase name="launch" time="13.345" classname="Util.Browser"/>
  <system-out/>
</testsuite> <!-- Util.Browser -->
