<?xml version="1.0" encoding="UTF-8"?>
<!-- Generated by org.testng.reporters.JUnitReportReporter -->
<testsuite skipped="0" hostname="Jyoti-computer" name="Test.LoginTest" tests="1" failures="0" timestamp="03 Aug 2020 00:31:48 GMT" time="2.644" errors="0">
  <testcase name="page" time="2.644" classname="Test.LoginTest"/>
</testsuite> <!-- Test.LoginTest -->
